cl : 명령줄 warning D9035: 'Gm' 옵션은 더 이상 사용되지 않으므로 이후 릴리스에서 제거될 예정입니다.
  DxWFrame.cpp
c:\users\administrator\desktop\김지훈 - 미러월드\1.src\dxwframe.cpp(621): warning C4244: '인수': 'time_t'에서 'unsigned int'(으)로 변환하면서 데이터가 손실될 수 있습니다.
c:\users\administrator\desktop\김지훈 - 미러월드\1.src\dxwframe.cpp(807): warning C4553: '==': 식의 결과가 사용되지 않습니다. '='을(를) 의도했습니까?
c:\users\administrator\desktop\김지훈 - 미러월드\1.src\dxwframe.cpp(822): warning C4553: '==': 식의 결과가 사용되지 않습니다. '='을(를) 의도했습니까?
c:\users\administrator\desktop\김지훈 - 미러월드\1.src\dxwframe.cpp(1612): warning C4553: '==': 식의 결과가 사용되지 않습니다. '='을(를) 의도했습니까?
c:\users\administrator\desktop\김지훈 - 미러월드\1.src\dxwframe.cpp(1637): warning C4553: '==': 식의 결과가 사용되지 않습니다. '='을(를) 의도했습니까?
c:\users\administrator\desktop\김지훈 - 미러월드\1.src\dxwframe.cpp(2572): warning C4553: '==': 식의 결과가 사용되지 않습니다. '='을(를) 의도했습니까?
c:\users\administrator\desktop\김지훈 - 미러월드\1.src\dxwframe.cpp(2597): warning C4553: '==': 식의 결과가 사용되지 않습니다. '='을(를) 의도했습니까?
c:\users\administrator\desktop\김지훈 - 미러월드\1.src\dxwframe.cpp(3461): warning C4554: '&': 연산자 우선 순위에 오류가 있는지 확인하세요. 괄호를 사용하여 우선 순위를 명확하게 지정하세요.
c:\users\administrator\desktop\김지훈 - 미러월드\1.src\dxwframe.cpp(3843): warning C4553: '==': 식의 결과가 사용되지 않습니다. '='을(를) 의도했습니까?
c:\users\administrator\desktop\김지훈 - 미러월드\1.src\dxwframe.cpp(3868): warning C4553: '==': 식의 결과가 사용되지 않습니다. '='을(를) 의도했습니까?
c:\users\administrator\desktop\김지훈 - 미러월드\1.src\dxwframe.cpp(4451): warning C4838: 'DWORD'에서 'LONG'(으)로의 변환에는 축소 변환이 필요합니다.
c:\users\administrator\desktop\김지훈 - 미러월드\1.src\dxwframe.cpp(4463): warning C4838: 'DWORD'에서 'LONG'(으)로의 변환에는 축소 변환이 필요합니다.
c:\users\administrator\desktop\김지훈 - 미러월드\1.src\dxwframe.cpp(4509): warning C4996: 'fopen': This function or variable may be unsafe. Consider using fopen_s instead. To disable deprecation, use _CRT_SECURE_NO_WARNINGS. See online help for details.
  c:\program files (x86)\windows kits\10\include\10.0.17763.0\ucrt\stdio.h(208): note: 'fopen' 선언을 참조하십시오.
c:\users\administrator\desktop\김지훈 - 미러월드\1.src\dxwframe.cpp(4583): warning C4838: 'DWORD'에서 'LONG'(으)로의 변환에는 축소 변환이 필요합니다.
c:\users\administrator\desktop\김지훈 - 미러월드\1.src\dxwframe.cpp(4599): warning C4838: 'DWORD'에서 'LONG'(으)로의 변환에는 축소 변환이 필요합니다.
c:\users\administrator\desktop\김지훈 - 미러월드\1.src\dxwframe.cpp(4620): warning C4838: 'DWORD'에서 'LONG'(으)로의 변환에는 축소 변환이 필요합니다.
c:\users\administrator\desktop\김지훈 - 미러월드\1.src\dxwframe.cpp(4647): warning C4838: 'float'에서 'LONG'(으)로의 변환에는 축소 변환이 필요합니다.
c:\users\administrator\desktop\김지훈 - 미러월드\1.src\dxwframe.cpp(4647): warning C4244: '초기화 중': 'float'에서 'LONG'(으)로 변환하면서 데이터가 손실될 수 있습니다.
c:\users\administrator\desktop\김지훈 - 미러월드\1.src\dxwframe.cpp(4647): warning C4838: 'DWORD'에서 'LONG'(으)로의 변환에는 축소 변환이 필요합니다.
c:\users\administrator\desktop\김지훈 - 미러월드\1.src\dxwframe.cpp(4825): warning C4838: 'DWORD'에서 'LONG'(으)로의 변환에는 축소 변환이 필요합니다.
c:\users\administrator\desktop\김지훈 - 미러월드\1.src\dxwframe.cpp(4934): warning C4838: 'DWORD'에서 'LONG'(으)로의 변환에는 축소 변환이 필요합니다.
c:\users\administrator\desktop\김지훈 - 미러월드\1.src\dxwframe.cpp(4935): warning C4838: 'DWORD'에서 'LONG'(으)로의 변환에는 축소 변환이 필요합니다.
c:\users\administrator\desktop\김지훈 - 미러월드\1.src\dxwframe.cpp(4986): warning C4838: 'DWORD'에서 'LONG'(으)로의 변환에는 축소 변환이 필요합니다.
c:\users\administrator\desktop\김지훈 - 미러월드\1.src\dxwframe.cpp(4987): warning C4838: 'DWORD'에서 'LONG'(으)로의 변환에는 축소 변환이 필요합니다.
c:\users\administrator\desktop\김지훈 - 미러월드\1.src\dxwframe.cpp(5046): warning C4838: 'DWORD'에서 'LONG'(으)로의 변환에는 축소 변환이 필요합니다.
c:\users\administrator\desktop\김지훈 - 미러월드\1.src\dxwframe.cpp(5047): warning C4838: 'DWORD'에서 'LONG'(으)로의 변환에는 축소 변환이 필요합니다.
c:\users\administrator\desktop\김지훈 - 미러월드\1.src\dxwframe.cpp(5225): warning C4838: 'DWORD'에서 'LONG'(으)로의 변환에는 축소 변환이 필요합니다.
c:\users\administrator\desktop\김지훈 - 미러월드\1.src\dxwframe.cpp(5226): warning C4838: 'DWORD'에서 'LONG'(으)로의 변환에는 축소 변환이 필요합니다.
c:\users\administrator\desktop\김지훈 - 미러월드\1.src\dxwframe.cpp(5879): warning C4996: 'vsprintf': This function or variable may be unsafe. Consider using vsprintf_s instead. To disable deprecation, use _CRT_SECURE_NO_WARNINGS. See online help for details.
  c:\program files (x86)\windows kits\10\include\10.0.17763.0\ucrt\stdio.h(1469): note: 'vsprintf' 선언을 참조하십시오.
  DxWFrame.vcxproj -> C:\Users\Administrator\Desktop\김지훈 - 미러월드\1.SRC\.\Debug\DxWFrame.exe
